<?xml version="1.0" encoding="UTF-8"?>
<coverage generated="1467826790">
  <project timestamp="1467826790">
    <package name="Convenia\AfdReader">
      <file name="/var/www/AfdReader/src/AfdReader.php">
        <class name="AfdReader" namespace="Convenia\AfdReader">
          <metrics methods="12" coveredmethods="9" conditionals="0" coveredconditionals="0" statements="85" coveredstatements="82" elements="97" coveredelements="91"/>
        </class>
        <line num="52" type="method" name="__construct" crap="2" count="2"/>
        <line num="54" type="stmt" count="2"/>
        <line num="55" type="stmt" count="2"/>
        <line num="56" type="stmt" count="2"/>
        <line num="58" type="stmt" count="2"/>
        <line num="59" type="stmt" count="2"/>
        <line num="60" type="stmt" count="2"/>
        <line num="62" type="stmt" count="2"/>
        <line num="63" type="stmt" count="2"/>
        <line num="70" type="method" name="getByUserAfd" crap="5" count="1"/>
        <line num="72" type="stmt" count="1"/>
        <line num="73" type="stmt" count="1"/>
        <line num="74" type="stmt" count="1"/>
        <line num="75" type="stmt" count="1"/>
        <line num="76" type="stmt" count="1"/>
        <line num="77" type="stmt" count="1"/>
        <line num="78" type="stmt" count="1"/>
        <line num="79" type="stmt" count="1"/>
        <line num="80" type="stmt" count="1"/>
        <line num="81" type="stmt" count="1"/>
        <line num="82" type="stmt" count="1"/>
        <line num="85" type="stmt" count="1"/>
        <line num="86" type="stmt" count="1"/>
        <line num="87" type="stmt" count="1"/>
        <line num="90" type="stmt" count="1"/>
        <line num="91" type="stmt" count="1"/>
        <line num="92" type="stmt" count="1"/>
        <line num="93" type="stmt" count="1"/>
        <line num="94" type="stmt" count="1"/>
        <line num="102" type="method" name="getByUser" crap="3.07" count="2"/>
        <line num="104" type="stmt" count="2"/>
        <line num="105" type="stmt" count="1"/>
        <line num="106" type="stmt" count="1"/>
        <line num="107" type="stmt" count="1"/>
        <line num="109" type="stmt" count="0"/>
        <line num="116" type="method" name="getByUserAfdt" crap="3" count="1"/>
        <line num="118" type="stmt" count="1"/>
        <line num="119" type="stmt" count="1"/>
        <line num="120" type="stmt" count="1"/>
        <line num="121" type="stmt" count="1"/>
        <line num="122" type="stmt" count="1"/>
        <line num="123" type="stmt" count="1"/>
        <line num="124" type="stmt" count="1"/>
        <line num="125" type="stmt" count="1"/>
        <line num="126" type="stmt" count="1"/>
        <line num="127" type="stmt" count="1"/>
        <line num="128" type="stmt" count="1"/>
        <line num="129" type="stmt" count="1"/>
        <line num="138" type="method" name="isByUserCondition" crap="6" count="2"/>
        <line num="140" type="stmt" count="2"/>
        <line num="141" type="stmt" count="1"/>
        <line num="144" type="stmt" count="2"/>
        <line num="145" type="stmt" count="1"/>
        <line num="148" type="stmt" count="2"/>
        <line num="149" type="stmt" count="1"/>
        <line num="151" type="stmt" count="2"/>
        <line num="159" type="method" name="getLines" crap="2" count="0"/>
        <line num="161" type="stmt" count="0"/>
        <line num="169" type="method" name="setFileContents" crap="2.06" count="2"/>
        <line num="171" type="stmt" count="2"/>
        <line num="172" type="stmt" count="0"/>
        <line num="175" type="stmt" count="2"/>
        <line num="176" type="stmt" count="2"/>
        <line num="183" type="method" name="readLines" crap="2" count="2"/>
        <line num="185" type="stmt" count="2"/>
        <line num="186" type="stmt" count="2"/>
        <line num="187" type="stmt" count="2"/>
        <line num="188" type="stmt" count="2"/>
        <line num="195" type="method" name="fileTypeMagic" crap="2" count="2"/>
        <line num="197" type="stmt" count="2"/>
        <line num="198" type="stmt" count="2"/>
        <line num="199" type="stmt" count="2"/>
        <line num="200" type="stmt" count="1"/>
        <line num="202" type="stmt" count="1"/>
        <line num="211" type="method" name="translateToArray" crap="4" count="2"/>
        <line num="213" type="stmt" count="2"/>
        <line num="214" type="stmt" count="2"/>
        <line num="215" type="stmt" count="2"/>
        <line num="216" type="stmt" count="2"/>
        <line num="217" type="stmt" count="2"/>
        <line num="218" type="stmt" count="2"/>
        <line num="219" type="stmt" count="2"/>
        <line num="220" type="stmt" count="2"/>
        <line num="221" type="stmt" count="2"/>
        <line num="222" type="stmt" count="2"/>
        <line num="223" type="stmt" count="2"/>
        <line num="224" type="stmt" count="2"/>
        <line num="225" type="stmt" count="2"/>
        <line num="226" type="stmt" count="2"/>
        <line num="235" type="method" name="getType" crap="1" count="2"/>
        <line num="237" type="stmt" count="2"/>
        <line num="246" type="method" name="getMap" crap="2" count="2"/>
        <line num="248" type="stmt" count="2"/>
        <line num="249" type="stmt" count="2"/>
        <line num="250" type="stmt" count="2"/>
        <line num="251" type="stmt" count="2"/>
        <line num="253" type="stmt" count="1"/>
        <metrics loc="255" ncloc="180" classes="1" methods="12" coveredmethods="9" conditionals="0" coveredconditionals="0" statements="85" coveredstatements="82" elements="97" coveredelements="91"/>
      </file>
    </package>
    <package name="Convenia\AfdReader\Exception">
      <file name="/var/www/AfdReader/src/Exception/DirectionNotExistsException.php">
        <class name="DirectionNotExistsException" namespace="Convenia\AfdReader\Exception">
          <metrics methods="0" coveredmethods="0" conditionals="0" coveredconditionals="0" statements="0" coveredstatements="0" elements="0" coveredelements="0"/>
        </class>
        <metrics loc="10" ncloc="10" classes="1" methods="0" coveredmethods="0" conditionals="0" coveredconditionals="0" statements="0" coveredstatements="0" elements="0" coveredelements="0"/>
      </file>
      <file name="/var/www/AfdReader/src/Exception/FileNotFoundException.php">
        <class name="FileNotFoundException" namespace="Convenia\AfdReader\Exception">
          <metrics methods="0" coveredmethods="0" conditionals="0" coveredconditionals="0" statements="0" coveredstatements="0" elements="0" coveredelements="0"/>
        </class>
        <metrics loc="10" ncloc="10" classes="1" methods="0" coveredmethods="0" conditionals="0" coveredconditionals="0" statements="0" coveredstatements="0" elements="0" coveredelements="0"/>
      </file>
      <file name="/var/www/AfdReader/src/Exception/IdentityNotExistsException.php">
        <class name="IdentityNotExistsException" namespace="Convenia\AfdReader\Exception">
          <metrics methods="0" coveredmethods="0" conditionals="0" coveredconditionals="0" statements="0" coveredstatements="0" elements="0" coveredelements="0"/>
        </class>
        <metrics loc="10" ncloc="10" classes="1" methods="0" coveredmethods="0" conditionals="0" coveredconditionals="0" statements="0" coveredstatements="0" elements="0" coveredelements="0"/>
      </file>
      <file name="/var/www/AfdReader/src/Exception/InvalidDateFormatException.php">
        <class name="InvalidDateFormatException" namespace="Convenia\AfdReader\Exception">
          <metrics methods="0" coveredmethods="0" conditionals="0" coveredconditionals="0" statements="0" coveredstatements="0" elements="0" coveredelements="0"/>
        </class>
        <metrics loc="10" ncloc="10" classes="1" methods="0" coveredmethods="0" conditionals="0" coveredconditionals="0" statements="0" coveredstatements="0" elements="0" coveredelements="0"/>
      </file>
      <file name="/var/www/AfdReader/src/Exception/InvalidTimeFormatException.php">
        <class name="InvalidTimeFormatException" namespace="Convenia\AfdReader\Exception">
          <metrics methods="0" coveredmethods="0" conditionals="0" coveredconditionals="0" statements="0" coveredstatements="0" elements="0" coveredelements="0"/>
        </class>
        <metrics loc="10" ncloc="10" classes="1" methods="0" coveredmethods="0" conditionals="0" coveredconditionals="0" statements="0" coveredstatements="0" elements="0" coveredelements="0"/>
      </file>
      <file name="/var/www/AfdReader/src/Exception/RegistryNotExistsException.php">
        <class name="RegistryNotExistsException" namespace="Convenia\AfdReader\Exception">
          <metrics methods="0" coveredmethods="0" conditionals="0" coveredconditionals="0" statements="0" coveredstatements="0" elements="0" coveredelements="0"/>
        </class>
        <metrics loc="10" ncloc="10" classes="1" methods="0" coveredmethods="0" conditionals="0" coveredconditionals="0" statements="0" coveredstatements="0" elements="0" coveredelements="0"/>
      </file>
      <file name="/var/www/AfdReader/src/Exception/WrongFileTipeException.php">
        <class name="WrongFileTipeException" namespace="Convenia\AfdReader\Exception">
          <metrics methods="0" coveredmethods="0" conditionals="0" coveredconditionals="0" statements="0" coveredstatements="0" elements="0" coveredelements="0"/>
        </class>
        <metrics loc="10" ncloc="10" classes="1" methods="0" coveredmethods="0" conditionals="0" coveredconditionals="0" statements="0" coveredstatements="0" elements="0" coveredelements="0"/>
      </file>
    </package>
    <package name="Convenia\AfdReader\Field">
      <file name="/var/www/AfdReader/src/Field/Alphanumeric.php">
        <class name="Alphanumeric" namespace="Convenia\AfdReader\Field">
          <metrics methods="1" coveredmethods="1" conditionals="0" coveredconditionals="0" statements="1" coveredstatements="1" elements="2" coveredelements="2"/>
        </class>
        <line num="26" type="method" name="format" crap="1" count="2"/>
        <line num="28" type="stmt" count="2"/>
        <metrics loc="30" ncloc="13" classes="1" methods="1" coveredmethods="1" conditionals="0" coveredconditionals="0" statements="1" coveredstatements="1" elements="2" coveredelements="2"/>
      </file>
      <file name="/var/www/AfdReader/src/Field/Date.php">
        <class name="Date" namespace="Convenia\AfdReader\Field">
          <metrics methods="1" coveredmethods="1" conditionals="0" coveredconditionals="0" statements="5" coveredstatements="5" elements="6" coveredelements="6"/>
        </class>
        <line num="28" type="method" name="format" crap="2" count="3"/>
        <line num="30" type="stmt" count="3"/>
        <line num="31" type="stmt" count="3"/>
        <line num="32" type="stmt" count="3"/>
        <line num="34" type="stmt" count="1"/>
        <line num="35" type="stmt" count="3"/>
        <metrics loc="37" ncloc="18" classes="1" methods="1" coveredmethods="1" conditionals="0" coveredconditionals="0" statements="5" coveredstatements="5" elements="6" coveredelements="6"/>
      </file>
      <file name="/var/www/AfdReader/src/Field/Direction.php">
        <class name="Direction" namespace="Convenia\AfdReader\Field">
          <metrics methods="1" coveredmethods="1" conditionals="0" coveredconditionals="0" statements="3" coveredstatements="3" elements="4" coveredelements="4"/>
        </class>
        <line num="32" type="method" name="format" crap="2" count="3"/>
        <line num="34" type="stmt" count="3"/>
        <line num="35" type="stmt" count="2"/>
        <line num="37" type="stmt" count="1"/>
        <metrics loc="39" ncloc="22" classes="1" methods="1" coveredmethods="1" conditionals="0" coveredconditionals="0" statements="3" coveredstatements="3" elements="4" coveredelements="4"/>
      </file>
      <file name="/var/www/AfdReader/src/Field/IdentityType.php">
        <class name="IdentityType" namespace="Convenia\AfdReader\Field">
          <metrics methods="1" coveredmethods="1" conditionals="0" coveredconditionals="0" statements="3" coveredstatements="3" elements="4" coveredelements="4"/>
        </class>
        <line num="33" type="method" name="format" crap="2" count="2"/>
        <line num="35" type="stmt" count="2"/>
        <line num="36" type="stmt" count="1"/>
        <line num="38" type="stmt" count="1"/>
        <metrics loc="40" ncloc="23" classes="1" methods="1" coveredmethods="1" conditionals="0" coveredconditionals="0" statements="3" coveredstatements="3" elements="4" coveredelements="4"/>
      </file>
      <file name="/var/www/AfdReader/src/Field/RegistryType.php">
        <class name="RegistryType" namespace="Convenia\AfdReader\Field">
          <metrics methods="1" coveredmethods="1" conditionals="0" coveredconditionals="0" statements="3" coveredstatements="3" elements="4" coveredelements="4"/>
        </class>
        <line num="33" type="method" name="format" crap="2" count="3"/>
        <line num="35" type="stmt" count="3"/>
        <line num="36" type="stmt" count="2"/>
        <line num="38" type="stmt" count="1"/>
        <metrics loc="40" ncloc="23" classes="1" methods="1" coveredmethods="1" conditionals="0" coveredconditionals="0" statements="3" coveredstatements="3" elements="4" coveredelements="4"/>
      </file>
      <file name="/var/www/AfdReader/src/Field/Time.php">
        <class name="Time" namespace="Convenia\AfdReader\Field">
          <metrics methods="1" coveredmethods="1" conditionals="0" coveredconditionals="0" statements="5" coveredstatements="5" elements="6" coveredelements="6"/>
        </class>
        <line num="28" type="method" name="format" crap="2" count="4"/>
        <line num="30" type="stmt" count="4"/>
        <line num="31" type="stmt" count="1"/>
        <line num="34" type="stmt" count="3"/>
        <line num="35" type="stmt" count="3"/>
        <line num="36" type="stmt" count="3"/>
        <metrics loc="38" ncloc="21" classes="1" methods="1" coveredmethods="1" conditionals="0" coveredconditionals="0" statements="5" coveredstatements="5" elements="6" coveredelements="6"/>
      </file>
    </package>
    <file name="/var/www/AfdReader/src/Interfaces/FieldInterface.php">
      <metrics loc="7" ncloc="7" classes="0" methods="0" coveredmethods="0" conditionals="0" coveredconditionals="0" statements="0" coveredstatements="0" elements="0" coveredelements="0"/>
    </file>
    <file name="/var/www/AfdReader/src/Interfaces/RegistryInterface.php">
      <metrics loc="7" ncloc="7" classes="0" methods="0" coveredmethods="0" conditionals="0" coveredconditionals="0" statements="0" coveredstatements="0" elements="0" coveredelements="0"/>
    </file>
    <package name="Convenia\AfdReader\Registry\Afd">
      <file name="/var/www/AfdReader/src/Registry/Afd/CompanyChange.php">
        <class name="CompanyChange" namespace="Convenia\AfdReader\Registry\Afd">
          <metrics methods="1" coveredmethods="0" conditionals="0" coveredconditionals="0" statements="1" coveredstatements="0" elements="2" coveredelements="0"/>
        </class>
        <line num="82" type="method" name="map" crap="2" count="0"/>
        <line num="84" type="stmt" count="0"/>
        <metrics loc="86" ncloc="68" classes="1" methods="1" coveredmethods="0" conditionals="0" coveredconditionals="0" statements="1" coveredstatements="0" elements="2" coveredelements="0"/>
      </file>
      <file name="/var/www/AfdReader/src/Registry/Afd/Employee.php">
        <class name="Employee" namespace="Convenia\AfdReader\Registry\Afd">
          <metrics methods="1" coveredmethods="0" conditionals="0" coveredconditionals="0" statements="1" coveredstatements="0" elements="2" coveredelements="0"/>
        </class>
        <line num="71" type="method" name="map" crap="2" count="0"/>
        <line num="73" type="stmt" count="0"/>
        <metrics loc="75" ncloc="57" classes="1" methods="1" coveredmethods="0" conditionals="0" coveredconditionals="0" statements="1" coveredstatements="0" elements="2" coveredelements="0"/>
      </file>
      <file name="/var/www/AfdReader/src/Registry/Afd/Header.php">
        <class name="Header" namespace="Convenia\AfdReader\Registry\Afd">
          <metrics methods="1" coveredmethods="0" conditionals="0" coveredconditionals="0" statements="1" coveredstatements="0" elements="2" coveredelements="0"/>
        </class>
        <line num="90" type="method" name="map" crap="2" count="0"/>
        <line num="92" type="stmt" count="0"/>
        <metrics loc="94" ncloc="78" classes="1" methods="1" coveredmethods="0" conditionals="0" coveredconditionals="0" statements="1" coveredstatements="0" elements="2" coveredelements="0"/>
      </file>
      <file name="/var/www/AfdReader/src/Registry/Afd/Mark.php">
        <class name="Mark" namespace="Convenia\AfdReader\Registry\Afd">
          <metrics methods="1" coveredmethods="0" conditionals="0" coveredconditionals="0" statements="1" coveredstatements="0" elements="2" coveredelements="0"/>
        </class>
        <line num="58" type="method" name="map" crap="2" count="0"/>
        <line num="60" type="stmt" count="0"/>
        <metrics loc="62" ncloc="46" classes="1" methods="1" coveredmethods="0" conditionals="0" coveredconditionals="0" statements="1" coveredstatements="0" elements="2" coveredelements="0"/>
      </file>
      <file name="/var/www/AfdReader/src/Registry/Afd/MarkAdjust.php">
        <class name="MarkAdjust" namespace="Convenia\AfdReader\Registry\Afd">
          <metrics methods="1" coveredmethods="0" conditionals="0" coveredconditionals="0" statements="1" coveredstatements="0" elements="2" coveredelements="0"/>
        </class>
        <line num="65" type="method" name="map" crap="2" count="0"/>
        <line num="67" type="stmt" count="0"/>
        <metrics loc="69" ncloc="53" classes="1" methods="1" coveredmethods="0" conditionals="0" coveredconditionals="0" statements="1" coveredstatements="0" elements="2" coveredelements="0"/>
      </file>
      <file name="/var/www/AfdReader/src/Registry/Afd/Trailer.php">
        <class name="Trailer" namespace="Convenia\AfdReader\Registry\Afd">
          <metrics methods="1" coveredmethods="0" conditionals="0" coveredconditionals="0" statements="3" coveredstatements="0" elements="4" coveredelements="0"/>
        </class>
        <line num="70" type="method" name="map" crap="2" count="0"/>
        <line num="71" type="stmt" count="0"/>
        <line num="72" type="stmt" count="0"/>
        <line num="73" type="stmt" count="0"/>
        <metrics loc="74" ncloc="58" classes="1" methods="1" coveredmethods="0" conditionals="0" coveredconditionals="0" statements="3" coveredstatements="0" elements="4" coveredelements="0"/>
      </file>
    </package>
    <package name="Convenia\AfdReader\Registry\Afdt">
      <file name="/var/www/AfdReader/src/Registry/Afdt/Detail.php">
        <class name="Detail" namespace="Convenia\AfdReader\Registry\Afdt">
          <metrics methods="1" coveredmethods="0" conditionals="0" coveredconditionals="0" statements="1" coveredstatements="0" elements="2" coveredelements="0"/>
        </class>
        <line num="85" type="method" name="map" crap="2" count="0"/>
        <line num="87" type="stmt" count="0"/>
        <metrics loc="89" ncloc="73" classes="1" methods="1" coveredmethods="0" conditionals="0" coveredconditionals="0" statements="1" coveredstatements="0" elements="2" coveredelements="0"/>
      </file>
      <file name="/var/www/AfdReader/src/Registry/Afdt/Header.php">
        <class name="Header" namespace="Convenia\AfdReader\Registry\Afdt">
          <metrics methods="1" coveredmethods="0" conditionals="0" coveredconditionals="0" statements="1" coveredstatements="0" elements="2" coveredelements="0"/>
        </class>
        <line num="85" type="method" name="map" crap="2" count="0"/>
        <line num="87" type="stmt" count="0"/>
        <metrics loc="89" ncloc="73" classes="1" methods="1" coveredmethods="0" conditionals="0" coveredconditionals="0" statements="1" coveredstatements="0" elements="2" coveredelements="0"/>
      </file>
      <file name="/var/www/AfdReader/src/Registry/Afdt/Trailer.php">
        <class name="Trailer" namespace="Convenia\AfdReader\Registry\Afdt">
          <metrics methods="1" coveredmethods="0" conditionals="0" coveredconditionals="0" statements="1" coveredstatements="0" elements="2" coveredelements="0"/>
        </class>
        <line num="40" type="method" name="map" crap="2" count="0"/>
        <line num="42" type="stmt" count="0"/>
        <metrics loc="44" ncloc="28" classes="1" methods="1" coveredmethods="0" conditionals="0" coveredconditionals="0" statements="1" coveredstatements="0" elements="2" coveredelements="0"/>
      </file>
    </package>
    <metrics files="25" loc="1245" ncloc="918" classes="23" methods="27" coveredmethods="15" conditionals="0" coveredconditionals="0" statements="116" coveredstatements="102" elements="143" coveredelements="117"/>
  </project>
</coverage>
